Feb 19, 2016 3:42:40 PM sbeam.MainFrame <init>
INFO: Sbeam starting
X1: javax.swing.JLabel[,44,2,8x16,alignmentX=0.0,alignmentY=0.0,border=,flags=8388608,maximumSize=,minimumSize=,preferredSize=,defaultIcon=,disabledIcon=,horizontalAlignment=RIGHT,horizontalTextPosition=TRAILING,iconTextGap=4,labelFor=,text=0,verticalAlignment=CENTER,verticalTextPosition=CENTER]
x2: javax.swing.JLabel[,44,2,8x16,alignmentX=0.0,alignmentY=0.0,border=,flags=8388608,maximumSize=,minimumSize=,preferredSize=,defaultIcon=,disabledIcon=,horizontalAlignment=RIGHT,horizontalTextPosition=TRAILING,iconTextGap=4,labelFor=,text=0,verticalAlignment=CENTER,verticalTextPosition=CENTER]
document: sbeam.TOFPOEDocument@5fd0d5ae
Feb 19, 2016 3:42:45 PM sbeam.MainFrame actionPerformed
INFO: Calling: Open
loading 20 tofs
Loading in tof: 20 deg
java.lang.reflect.InvocationTargetException
	at sun.reflect.NativeMethodAccessorImpl.invoke0(Native Method)
	at sun.reflect.NativeMethodAccessorImpl.invoke(NativeMethodAccessorImpl.java:62)
	at sun.reflect.DelegatingMethodAccessorImpl.invoke(DelegatingMethodAccessorImpl.java:43)
	at java.lang.reflect.Method.invoke(Method.java:483)
	at sbeam.MainFrame.actionPerformed(MainFrame.java:307)
	at javax.swing.AbstractButton.fireActionPerformed(AbstractButton.java:2022)
	at javax.swing.AbstractButton$Handler.actionPerformed(AbstractButton.java:2346)
	at javax.swing.DefaultButtonModel.fireActionPerformed(DefaultButtonModel.java:402)
	at javax.swing.DefaultButtonModel.setPressed(DefaultButtonModel.java:259)
	at javax.swing.AbstractButton.doClick(AbstractButton.java:376)
	at javax.swing.plaf.basic.BasicMenuItemUI.doClick(BasicMenuItemUI.java:833)
	at com.apple.laf.AquaMenuItemUI.doClick(AquaMenuItemUI.java:157)
	at javax.swing.plaf.basic.BasicMenuItemUI$Handler.mouseReleased(BasicMenuItemUI.java:877)
	at java.awt.Component.processMouseEvent(Component.java:6525)
	at javax.swing.JComponent.processMouseEvent(JComponent.java:3321)
	at java.awt.Component.processEvent(Component.java:6290)
	at java.awt.Container.processEvent(Container.java:2234)
	at java.awt.Component.dispatchEventImpl(Component.java:4881)
	at java.awt.Container.dispatchEventImpl(Container.java:2292)
	at java.awt.Component.dispatchEvent(Component.java:4703)
	at java.awt.LightweightDispatcher.retargetMouseEvent(Container.java:4898)
	at java.awt.LightweightDispatcher.processMouseEvent(Container.java:4533)
	at java.awt.LightweightDispatcher.dispatchEvent(Container.java:4462)
	at java.awt.Container.dispatchEventImpl(Container.java:2278)
	at java.awt.Window.dispatchEventImpl(Window.java:2739)
	at java.awt.Component.dispatchEvent(Component.java:4703)
	at java.awt.EventQueue.dispatchEventImpl(EventQueue.java:746)
	at java.awt.EventQueue.access$400(EventQueue.java:97)
	at java.awt.EventQueue$3.run(EventQueue.java:697)
	at java.awt.EventQueue$3.run(EventQueue.java:691)
	at java.security.AccessController.doPrivileged(Native Method)
	at java.security.ProtectionDomain$1.doIntersectionPrivilege(ProtectionDomain.java:75)
	at java.security.ProtectionDomain$1.doIntersectionPrivilege(ProtectionDomain.java:86)
	at java.awt.EventQueue$4.run(EventQueue.java:719)
	at java.awt.EventQueue$4.run(EventQueue.java:717)
	at java.security.AccessController.doPrivileged(Native Method)
	at java.security.ProtectionDomain$1.doIntersectionPrivilege(ProtectionDomain.java:75)
	at java.awt.EventQueue.dispatchEvent(EventQueue.java:716)
	at java.awt.EventDispatchThread.pumpOneEventForFilters(EventDispatchThread.java:201)
	at java.awt.EventDispatchThread.pumpEventsForFilter(EventDispatchThread.java:116)
	at java.awt.EventDispatchThread.pumpEventsForHierarchy(EventDispatchThread.java:105)
	at java.awt.EventDispatchThread.pumpEvents(EventDispatchThread.java:101)
	at java.awt.EventDispatchThread.pumpEvents(EventDispatchThread.java:93)
	at java.awt.EventDispatchThread.run(EventDispatchThread.java:82)
Caused by: java.lang.NumberFormatException: For input string: ""
	at java.lang.NumberFormatException.forInputString(NumberFormatException.java:65)
	at java.lang.Integer.parseInt(Integer.java:592)
	at java.lang.Integer.parseInt(Integer.java:615)
	at sbeam.TOF_data.in(TOF_data.java:956)
	at sbeam.TOFPOEDocument.LoadUFCData(TOFPOEDocument.java:265)
	at sbeam.sbapp.Open(sbapp.java:1901)
	... 44 more
Feb 19, 2016 3:42:56 PM sbeam.MainFrame actionPerformed
INFO: Calling: Display Loaded TOF
Feb 19, 2016 3:42:58 PM sbeam.MainFrame actionPerformed
INFO: Calling: Open
loading 21 tofs
Loading in tof: 20 deg
Loading in tof: 30 deg
Loading in tof: 10 deg open
Loading in tof: 10 deg closed
Loading in tof: 10 deg
Loading in tof: Calc #1.1:  m/e = 127, Lab Ang. = 10, Polar Ang. = 90, Detached
Loading in detached tof: Convolution #1
Loading in tof: Calc #1.2:  m/e = 127, Lab Ang. = 20, Polar Ang. = 90, Detached
Loading in detached tof: Convolution #1
Loading in tof: Calc #1.3:  m/e = 127, Lab Ang. = 30, Polar Ang. = 90, Detached
Loading in detached tof: Convolution #1
Loading in tof: Calc #1.1:  m/e = 127, Lab Ang. = 10, Polar Ang. = 90, Detached
Loading in detached tof: Convolution #1
Loading in tof: Calc #1.2:  m/e = 127, Lab Ang. = 20, Polar Ang. = 90, Detached
Loading in detached tof: Convolution #1
Loading in tof: Calc #1.3:  m/e = 127, Lab Ang. = 30, Polar Ang. = 90, Detached
Loading in detached tof: Convolution #1
Loading in tof: Calc #1.1:  m/e = 127, Lab Ang. = 10, Polar Ang. = 90, Detached
Loading in detached tof: Convolution #1
Loading in tof: Calc #1.2:  m/e = 127, Lab Ang. = 20, Polar Ang. = 90, Detached
Loading in detached tof: Convolution #1
Loading in tof: Calc #1.3:  m/e = 127, Lab Ang. = 30, Polar Ang. = 90, Detached
Loading in detached tof: Convolution #1
Loading in tof: Calc #1.1:  m/e = 127, Lab Ang. = 10, Polar Ang. = 90, Detached
Loading in detached tof: Convolution #1
Loading in tof: Calc #1.2:  m/e = 127, Lab Ang. = 20, Polar Ang. = 90, Detached
Loading in detached tof: Convolution #1
Loading in tof: Calc #1.3:  m/e = 127, Lab Ang. = 30, Polar Ang. = 90, Detached
Loading in detached tof: Convolution #1
Loading in tof: Calc #1.1:  m/e = 127, Lab Ang. = 10, Polar Ang. = 90
Loading in tof: Calc #1.2:  m/e = 127, Lab Ang. = 20, Polar Ang. = 90
Loading in tof: Calc #1.3:  m/e = 127, Lab Ang. = 30, Polar Ang. = 90
Loading in tof: open-closed
Visibility: -1
X: javax.swing.JLabel[,44,2,8x16,alignmentX=0.0,alignmentY=0.0,border=,flags=8388608,maximumSize=,minimumSize=,preferredSize=,defaultIcon=,disabledIcon=,horizontalAlignment=RIGHT,horizontalTextPosition=TRAILING,iconTextGap=4,labelFor=,text=0,verticalAlignment=CENTER,verticalTextPosition=CENTER]
Exception in thread "AWT-EventQueue-0" java.lang.NullPointerException
	at sbeam.TOFView.mouseMoved(TOFView.java:2176)
	at java.awt.AWTEventMulticaster.mouseMoved(AWTEventMulticaster.java:330)
	at java.awt.Component.processMouseMotionEvent(Component.java:6570)
	at javax.swing.JComponent.processMouseMotionEvent(JComponent.java:3339)
	at java.awt.Component.processEvent(Component.java:6294)
	at java.awt.Container.processEvent(Container.java:2234)
	at java.awt.Component.dispatchEventImpl(Component.java:4881)
	at java.awt.Container.dispatchEventImpl(Container.java:2292)
	at java.awt.Component.dispatchEvent(Component.java:4703)
	at java.awt.LightweightDispatcher.retargetMouseEvent(Container.java:4898)
	at java.awt.LightweightDispatcher.processMouseEvent(Container.java:4546)
	at java.awt.LightweightDispatcher.dispatchEvent(Container.java:4462)
	at java.awt.Container.dispatchEventImpl(Container.java:2278)
	at java.awt.Window.dispatchEventImpl(Window.java:2739)
	at java.awt.Component.dispatchEvent(Component.java:4703)
	at java.awt.EventQueue.dispatchEventImpl(EventQueue.java:746)
	at java.awt.EventQueue.access$400(EventQueue.java:97)
	at java.awt.EventQueue$3.run(EventQueue.java:697)
	at java.awt.EventQueue$3.run(EventQueue.java:691)
	at java.security.AccessController.doPrivileged(Native Method)
	at java.security.ProtectionDomain$1.doIntersectionPrivilege(ProtectionDomain.java:75)
	at java.security.ProtectionDomain$1.doIntersectionPrivilege(ProtectionDomain.java:86)
	at java.awt.EventQueue$4.run(EventQueue.java:719)
	at java.awt.EventQueue$4.run(EventQueue.java:717)
	at java.security.AccessController.doPrivileged(Native Method)
	at java.security.ProtectionDomain$1.doIntersectionPrivilege(ProtectionDomain.java:75)
	at java.awt.EventQueue.dispatchEvent(EventQueue.java:716)
	at java.awt.EventDispatchThread.pumpOneEventForFilters(EventDispatchThread.java:201)
	at java.awt.EventDispatchThread.pumpEventsForFilter(EventDispatchThread.java:116)
	at java.awt.EventDispatchThread.pumpEventsForHierarchy(EventDispatchThread.java:105)
	at java.awt.EventDispatchThread.pumpEvents(EventDispatchThread.java:101)
	at java.awt.EventDispatchThread.pumpEvents(EventDispatchThread.java:93)
	at java.awt.EventDispatchThread.run(EventDispatchThread.java:82)
Focus gained: P(E):  )))P(E)01
Focus lost: P(E):  )))P(E)01
Focus gained: P(E):  )))P(E)01
Focus lost: P(E):  )))P(E)01
Focus gained: P(E):  )))P(E)01
Focus lost: P(E):  )))P(E)01
Focus gained: P(E):  )))P(E)01
Focus lost: P(E):  )))P(E)01
Focus gained: TOF: 20 deg
Feb 19, 2016 5:23:59 PM sbeam.MainFrame actionPerformed
INFO: Calling: Display Stored P(E)
Focus lost: TOF: 20 deg
Focus gained: TOF: 20 deg
Focus lost: TOF: 20 deg
Focus gained: TOF: 20 deg
Focus lost: TOF: 20 deg
Focus gained: TOF: 10 deg
Focus lost: TOF: 10 deg
Focus gained: P(E):  )))P(E)01
Focus lost: P(E):  )))P(E)01
Focus gained: TOF: open-closed
Focus lost: TOF: open-closed
Focus gained: P(E):  )))P(E)01
Painting again
Painting again
Painting again
Painting again
Painting again
Painting again
Painting again
Painting again
Painting again
Painting again
Painting again
Painting again
Painting again
Painting again
Painting again
Painting again
Painting again
Painting again
Painting again
Painting again
Painting again
Painting again
Painting again
Painting again
Painting again
Painting again
Painting again
Painting again
Painting again
Painting again
Painting again
Painting again
Painting again
Painting again
Painting again
Painting again
Painting again
Painting again
Painting again
Painting again
Painting again
Painting again
Painting again
Painting again
Painting again
Painting again
Painting again
Painting again
Painting again
Painting again
Painting again
Painting again
Painting again
Painting again
Painting again
Painting again
Painting again
Painting again
Painting again
Painting again
Painting again
Painting again
Painting again
Painting again
Painting again
Painting again
Painting again
Painting again
Painting again
Painting again
Painting again
Painting again
Painting again
Painting again
Painting again
Painting again
Painting again
Painting again
Painting again
Painting again
Painting again
Painting again
Painting again
Painting again
Painting again
Painting again
Painting again
Painting again
Painting again
Painting again
Painting again
Painting again
Painting again
Painting again
Painting again
Painting again
Painting again
Painting again
Painting again
Painting again
Painting again
Painting again
Painting again
Painting again
Painting again
Painting again
Painting again
Painting again
Painting again
Painting again
Painting again
Painting again
Painting again
Painting again
Painting again
Painting again
Painting again
Painting again
Painting again
Painting again
Painting again
Painting again
Painting again
Painting again
Painting again
Painting again
Painting again
Painting again
Painting again
Painting again
Painting again
Painting again
Painting again
Painting again
Painting again
Painting again
Painting again
Painting again
Painting again
Painting again
Painting again
Painting again
Painting again
Painting again
Painting again
Painting again
Painting again
Painting again
Painting again
Painting again
Painting again
Painting again
Painting again
Painting again
Painting again
Painting again
Painting again
Painting again
Painting again
Painting again
Painting again
Painting again
Painting again
Painting again
Painting again
Painting again
Painting again
Painting again
Painting again
Painting again
Painting again
Painting again
Painting again
Painting again
Painting again
Painting again
Painting again
Painting again
Painting again
Painting again
Painting again
Painting again
Painting again
Painting again
Painting again
Painting again
Painting again
Painting again
Painting again
Painting again
Painting again
Painting again
Painting again
Painting again
Painting again
Painting again
Painting again
Painting again
Painting again
Painting again
Painting again
Painting again
Painting again
Painting again
Painting again
Painting again
Painting again
Painting again
Painting again
Painting again
Painting again
Painting again
Painting again
Painting again
Painting again
Painting again
Painting again
Painting again
Painting again
Painting again
Painting again
Painting again
Painting again
Painting again
Painting again
Painting again
Painting again
Painting again
Painting again
Painting again
Painting again
Painting again
Painting again
Painting again
Painting again
Painting again
Painting again
Painting again
Painting again
Painting again
Painting again
Painting again
Painting again
Painting again
Painting again
Painting again
Painting again
Painting again
Painting again
Painting again
Painting again
Painting again
Painting again
Painting again
Painting again
Painting again
Painting again
Painting again
Painting again
Painting again
Painting again
Painting again
Painting again
Painting again
Painting again
Painting again
Painting again
Painting again
Painting again
Painting again
Painting again
Painting again
Painting again
Painting again
Painting again
Painting again
Painting again
Painting again
Painting again
Painting again
Painting again
Painting again
Painting again
Painting again
Painting again
Painting again
Painting again
Painting again
Painting again
Painting again
Painting again
Painting again
Painting again
Painting again
Painting again
Painting again
Painting again
Painting again
Painting again
Painting again
Painting again
Painting again
Painting again
Painting again
Focus lost: P(E):  )))P(E)01
Focus gained: TOF: 10 deg
Focus lost: TOF: 10 deg
Focus gained: TOF: open-closed
Focus lost: TOF: open-closed
Focus gained: TOF: 30 deg
Focus lost: TOF: 30 deg
Focus gained: TOF: 20 deg
Focus lost: TOF: 20 deg
Focus gained: P(E):  )))P(E)01
Focus lost: P(E):  )))P(E)01
Focus gained: TOF: 10 deg
Focus lost: TOF: 10 deg
Focus gained: TOF: 20 deg
Focus lost: TOF: 20 deg
Focus gained: TOF: 30 deg
Focus lost: TOF: 30 deg
Focus gained: TOF: open-closed
Focus lost: TOF: open-closed
Focus gained: TOF: 10 deg
Focus lost: TOF: 10 deg
Focus gained: TOF: 10 deg
