Feb 19, 2016 5:30:07 PM sbeam.MainFrame <init>
INFO: Sbeam starting
X1: javax.swing.JLabel[,44,2,8x16,alignmentX=0.0,alignmentY=0.0,border=,flags=8388608,maximumSize=,minimumSize=,preferredSize=,defaultIcon=,disabledIcon=,horizontalAlignment=RIGHT,horizontalTextPosition=TRAILING,iconTextGap=4,labelFor=,text=0,verticalAlignment=CENTER,verticalTextPosition=CENTER]
x2: javax.swing.JLabel[,44,2,8x16,alignmentX=0.0,alignmentY=0.0,border=,flags=8388608,maximumSize=,minimumSize=,preferredSize=,defaultIcon=,disabledIcon=,horizontalAlignment=RIGHT,horizontalTextPosition=TRAILING,iconTextGap=4,labelFor=,text=0,verticalAlignment=CENTER,verticalTextPosition=CENTER]
document: sbeam.TOFPOEDocument@34c45dca
Feb 19, 2016 5:30:14 PM sbeam.MainFrame actionPerformed
INFO: Calling: Open
loading 16 tofs
Loading in tof: 30 degrees
Loading in tof: 20 degrees
Loading in tof: 20 degrees blocked
Loading in tof: 10 degrees
Loading in tof: 10 degrees blocked
Loading in tof: 20 degrees final
Loading in tof: 10 degrees final
Loading in tof: Calc #1.1:  m/e = 127, Lab Ang. = 10, Polar Ang. = 90
Loading in tof: Calc #1.2:  m/e = 127, Lab Ang. = 20, Polar Ang. = 90
Loading in tof: Calc #1.3:  m/e = 127, Lab Ang. = 30, Polar Ang. = 90
Loading in tof: Calc #2.1:  m/e = 127, Lab Ang. = 10, Polar Ang. = 90, Detached
Loading in detached tof: Convolution #2
Loading in tof: Calc #2.2:  m/e = 127, Lab Ang. = 20, Polar Ang. = 90, Detached
Loading in detached tof: Convolution #2
Loading in tof: Calc #2.3:  m/e = 127, Lab Ang. = 30, Polar Ang. = 90, Detached
Loading in detached tof: Convolution #2
Loading in tof: Calc #2.1:  m/e = 127, Lab Ang. = 10, Polar Ang. = 90
Loading in tof: Calc #2.2:  m/e = 127, Lab Ang. = 20, Polar Ang. = 90
Loading in tof: Calc #2.3:  m/e = 127, Lab Ang. = 30, Polar Ang. = 90
Visibility: -2
Visibility: -2
Feb 19, 2016 5:30:22 PM sbeam.MainFrame actionPerformed
INFO: Calling: Open
loading 21 tofs
Loading in tof: 20 deg
Loading in tof: 30 deg
Loading in tof: 10 deg open
Loading in tof: 10 deg closed
Loading in tof: 10 deg
Loading in tof: Calc #1.1:  m/e = 127, Lab Ang. = 10, Polar Ang. = 90, Detached
Loading in detached tof: Convolution #1
Loading in tof: Calc #1.2:  m/e = 127, Lab Ang. = 20, Polar Ang. = 90, Detached
Loading in detached tof: Convolution #1
Loading in tof: Calc #1.3:  m/e = 127, Lab Ang. = 30, Polar Ang. = 90, Detached
Loading in detached tof: Convolution #1
Loading in tof: Calc #1.1:  m/e = 127, Lab Ang. = 10, Polar Ang. = 90, Detached
Loading in detached tof: Convolution #1
Loading in tof: Calc #1.2:  m/e = 127, Lab Ang. = 20, Polar Ang. = 90, Detached
Loading in detached tof: Convolution #1
Loading in tof: Calc #1.3:  m/e = 127, Lab Ang. = 30, Polar Ang. = 90, Detached
Loading in detached tof: Convolution #1
Loading in tof: Calc #1.1:  m/e = 127, Lab Ang. = 10, Polar Ang. = 90, Detached
Loading in detached tof: Convolution #1
Loading in tof: Calc #1.2:  m/e = 127, Lab Ang. = 20, Polar Ang. = 90, Detached
Loading in detached tof: Convolution #1
Loading in tof: Calc #1.3:  m/e = 127, Lab Ang. = 30, Polar Ang. = 90, Detached
Loading in detached tof: Convolution #1
Loading in tof: Calc #1.1:  m/e = 127, Lab Ang. = 10, Polar Ang. = 90, Detached
Loading in detached tof: Convolution #1
Loading in tof: Calc #1.2:  m/e = 127, Lab Ang. = 20, Polar Ang. = 90, Detached
Loading in detached tof: Convolution #1
Loading in tof: Calc #1.3:  m/e = 127, Lab Ang. = 30, Polar Ang. = 90, Detached
Loading in detached tof: Convolution #1
Loading in tof: Calc #1.1:  m/e = 127, Lab Ang. = 10, Polar Ang. = 90
Loading in tof: Calc #1.2:  m/e = 127, Lab Ang. = 20, Polar Ang. = 90
Loading in tof: Calc #1.3:  m/e = 127, Lab Ang. = 30, Polar Ang. = 90
Loading in tof: open-closed
Visibility: -1
X: javax.swing.JLabel[,44,2,8x16,alignmentX=0.0,alignmentY=0.0,border=,flags=8388608,maximumSize=,minimumSize=,preferredSize=,defaultIcon=,disabledIcon=,horizontalAlignment=RIGHT,horizontalTextPosition=TRAILING,iconTextGap=4,labelFor=,text=0,verticalAlignment=CENTER,verticalTextPosition=CENTER]
Focus gained: P(E):  )))P(E)01
Focus lost: P(E):  )))P(E)01
Focus gained: TOF: 20 deg
Feb 19, 2016 5:30:45 PM sbeam.MainFrame actionPerformed
INFO: Calling: TOF Scaling Information
Focus lost: TOF: 20 deg
Focus gained: TOF: 20 deg
Exception in thread "AWT-EventQueue-0" java.lang.NumberFormatException: empty String
	at sun.misc.FloatingDecimal.readJavaFormatString(FloatingDecimal.java:1842)
	at sun.misc.FloatingDecimal.parseFloat(FloatingDecimal.java:122)
	at java.lang.Float.parseFloat(Float.java:451)
	at sbeam.ScaleTOFDialog.CmApplyButton(ScaleTOFDialog.java:372)
	at sbeam.ScaleTOFDialog.actionPerformed(ScaleTOFDialog.java:603)
	at javax.swing.AbstractButton.fireActionPerformed(AbstractButton.java:2022)
	at javax.swing.AbstractButton$Handler.actionPerformed(AbstractButton.java:2346)
	at javax.swing.DefaultButtonModel.fireActionPerformed(DefaultButtonModel.java:402)
	at javax.swing.DefaultButtonModel.setPressed(DefaultButtonModel.java:259)
	at javax.swing.plaf.basic.BasicButtonListener.mouseReleased(BasicButtonListener.java:252)
	at java.awt.Component.processMouseEvent(Component.java:6525)
	at javax.swing.JComponent.processMouseEvent(JComponent.java:3321)
	at java.awt.Component.processEvent(Component.java:6290)
	at java.awt.Container.processEvent(Container.java:2234)
	at java.awt.Component.dispatchEventImpl(Component.java:4881)
	at java.awt.Container.dispatchEventImpl(Container.java:2292)
	at java.awt.Component.dispatchEvent(Component.java:4703)
	at java.awt.LightweightDispatcher.retargetMouseEvent(Container.java:4898)
	at java.awt.LightweightDispatcher.processMouseEvent(Container.java:4533)
	at java.awt.LightweightDispatcher.dispatchEvent(Container.java:4462)
	at java.awt.Container.dispatchEventImpl(Container.java:2278)
	at java.awt.Window.dispatchEventImpl(Window.java:2739)
	at java.awt.Component.dispatchEvent(Component.java:4703)
	at java.awt.EventQueue.dispatchEventImpl(EventQueue.java:746)
	at java.awt.EventQueue.access$400(EventQueue.java:97)
	at java.awt.EventQueue$3.run(EventQueue.java:697)
	at java.awt.EventQueue$3.run(EventQueue.java:691)
	at java.security.AccessController.doPrivileged(Native Method)
	at java.security.ProtectionDomain$1.doIntersectionPrivilege(ProtectionDomain.java:75)
	at java.security.ProtectionDomain$1.doIntersectionPrivilege(ProtectionDomain.java:86)
	at java.awt.EventQueue$4.run(EventQueue.java:719)
	at java.awt.EventQueue$4.run(EventQueue.java:717)
	at java.security.AccessController.doPrivileged(Native Method)
	at java.security.ProtectionDomain$1.doIntersectionPrivilege(ProtectionDomain.java:75)
	at java.awt.EventQueue.dispatchEvent(EventQueue.java:716)
	at java.awt.EventDispatchThread.pumpOneEventForFilters(EventDispatchThread.java:201)
	at java.awt.EventDispatchThread.pumpEventsForFilter(EventDispatchThread.java:116)
	at java.awt.EventDispatchThread.pumpEventsForFilter(EventDispatchThread.java:109)
	at java.awt.WaitDispatchSupport$2.run(WaitDispatchSupport.java:184)
	at java.awt.WaitDispatchSupport$4.run(WaitDispatchSupport.java:229)
	at java.awt.WaitDispatchSupport$4.run(WaitDispatchSupport.java:227)
	at java.security.AccessController.doPrivileged(Native Method)
	at java.awt.WaitDispatchSupport.enter(WaitDispatchSupport.java:227)
	at java.awt.Dialog.show(Dialog.java:1084)
	at java.awt.Component.show(Component.java:1654)
	at java.awt.Component.setVisible(Component.java:1606)
	at java.awt.Window.setVisible(Window.java:1014)
	at java.awt.Dialog.setVisible(Dialog.java:1005)
	at sbeam.ScaleTOFDialog.Execute(ScaleTOFDialog.java:205)
	at sbeam.TOFView.TOFScalingInformation(TOFView.java:1869)
	at sun.reflect.NativeMethodAccessorImpl.invoke0(Native Method)
	at sun.reflect.NativeMethodAccessorImpl.invoke(NativeMethodAccessorImpl.java:62)
	at sun.reflect.DelegatingMethodAccessorImpl.invoke(DelegatingMethodAccessorImpl.java:43)
	at java.lang.reflect.Method.invoke(Method.java:483)
	at sbeam.MainFrame.actionPerformed(MainFrame.java:303)
	at javax.swing.AbstractButton.fireActionPerformed(AbstractButton.java:2022)
	at javax.swing.AbstractButton$Handler.actionPerformed(AbstractButton.java:2346)
	at javax.swing.DefaultButtonModel.fireActionPerformed(DefaultButtonModel.java:402)
	at javax.swing.DefaultButtonModel.setPressed(DefaultButtonModel.java:259)
	at javax.swing.AbstractButton.doClick(AbstractButton.java:376)
	at javax.swing.plaf.basic.BasicMenuItemUI.doClick(BasicMenuItemUI.java:833)
	at com.apple.laf.AquaMenuItemUI.doClick(AquaMenuItemUI.java:157)
	at javax.swing.plaf.basic.BasicMenuItemUI$Handler.mouseReleased(BasicMenuItemUI.java:877)
	at java.awt.Component.processMouseEvent(Component.java:6525)
	at javax.swing.JComponent.processMouseEvent(JComponent.java:3321)
	at java.awt.Component.processEvent(Component.java:6290)
	at java.awt.Container.processEvent(Container.java:2234)
	at java.awt.Component.dispatchEventImpl(Component.java:4881)
	at java.awt.Container.dispatchEventImpl(Container.java:2292)
	at java.awt.Component.dispatchEvent(Component.java:4703)
	at java.awt.LightweightDispatcher.retargetMouseEvent(Container.java:4898)
	at java.awt.LightweightDispatcher.processMouseEvent(Container.java:4533)
	at java.awt.LightweightDispatcher.dispatchEvent(Container.java:4462)
	at java.awt.Container.dispatchEventImpl(Container.java:2278)
	at java.awt.Window.dispatchEventImpl(Window.java:2739)
	at java.awt.Component.dispatchEvent(Component.java:4703)
	at java.awt.EventQueue.dispatchEventImpl(EventQueue.java:746)
	at java.awt.EventQueue.access$400(EventQueue.java:97)
	at java.awt.EventQueue$3.run(EventQueue.java:697)
	at java.awt.EventQueue$3.run(EventQueue.java:691)
	at java.security.AccessController.doPrivileged(Native Method)
	at java.security.ProtectionDomain$1.doIntersectionPrivilege(ProtectionDomain.java:75)
	at java.security.ProtectionDomain$1.doIntersectionPrivilege(ProtectionDomain.java:86)
	at java.awt.EventQueue$4.run(EventQueue.java:719)
	at java.awt.EventQueue$4.run(EventQueue.java:717)
	at java.security.AccessController.doPrivileged(Native Method)
	at java.security.ProtectionDomain$1.doIntersectionPrivilege(ProtectionDomain.java:75)
	at java.awt.EventQueue.dispatchEvent(EventQueue.java:716)
	at java.awt.EventDispatchThread.pumpOneEventForFilters(EventDispatchThread.java:201)
	at java.awt.EventDispatchThread.pumpEventsForFilter(EventDispatchThread.java:116)
	at java.awt.EventDispatchThread.pumpEventsForHierarchy(EventDispatchThread.java:105)
	at java.awt.EventDispatchThread.pumpEvents(EventDispatchThread.java:101)
	at java.awt.EventDispatchThread.pumpEvents(EventDispatchThread.java:93)
	at java.awt.EventDispatchThread.run(EventDispatchThread.java:82)
